<!doctype html>
<html>
    <head>
        <meta charset="utf-8" />
        <meta name="viewport" content="width=device-width, initial-scale=1" />
        <title>Error Compiling masscat's driver - gbadev.org forum archive</title>
        <link rel="stylesheet" href="/forum-archive/static/pure-min.css" />
        <link rel="stylesheet" href="/forum-archive/static/main.css" />
    </head>
    <body>
        <h1>gbadev.org forum archive</h1>

        <i>This is a read-only mirror of the content originally found on forum.gbadev.org
        (now offline), salvaged from Wayback machine copies. </i><br />

        <h2>DS development > Error Compiling masscat's driver</h2>
<div id="posts">
<div class="post">
    <h4>#145975 - SuperGeek - Tue Nov 27, 2007 12:27 am</h4>
    <div class="postbody"><span class="postbody">Hey,
<br/>
<br/>
Every time I try to compile masscat's driver, I get this error:
<br/>
<br/>
</span><table align="center" border="0" cellpadding="3" cellspacing="1" width="90%"><tr> <td><span class="genmed"><b>Code:</b></span></td> </tr> <tr> <td class="code">make[1]: Entering directory `/usr/src/kernels/2.6.22.9-61.fc6-i686'
<br/>
  CC [M]  /home/supergeek/wmb/nin_rt2570-1.1.0-b2/Module/rtusb_main.o
<br/>
/home/supergeek/wmb/nin_rt2570-1.1.0-b2/Module/rtusb_main.c: In function ?usb_rtusb_probe?:
<br/>
/home/supergeek/wmb/nin_rt2570-1.1.0-b2/Module/rtusb_main.c:1917: error: ?dev_base? undeclared (first use in this function)
<br/>
/home/supergeek/wmb/nin_rt2570-1.1.0-b2/Module/rtusb_main.c:1917: error: (Each undeclared identifier is reported only once
<br/>
/home/supergeek/wmb/nin_rt2570-1.1.0-b2/Module/rtusb_main.c:1917: error: for each function it appears in.)
<br/>
/home/supergeek/wmb/nin_rt2570-1.1.0-b2/Module/rtusb_main.c:1917: error: ?struct net_device? has no member named ?next?
<br/>
make[2]: *** [/home/supergeek/wmb/nin_rt2570-1.1.0-b2/Module/rtusb_main.o] Error 1
<br/>
make[1]: *** [_module_/home/supergeek/wmb/nin_rt2570-1.1.0-b2/Module] Error 2
<br/>
make[1]: Leaving directory `/usr/src/kernels/2.6.22.9-61.fc6-i686'
<br/>
nin_rt2570.ko failed to build!
<br/>
make: *** [module] Error 1</td> </tr></table><span class="postbody">
<br/>
<br/>
I'm using Fedora Core 6 and my kernel version is  2.6.22.9-61. Help!
<br/>
<br/>
Thanks,
<br/>
Supergeek</span><span class="gensmall"></span></div>    
</div>
<div class="post">
    <h4>#145980 - Lazy1 - Tue Nov 27, 2007 1:54 am</h4>
    <div class="postbody"><span class="postbody">Try my instructions here:
<br/>
<a href="http://forum.gbadev.org/viewtopic.php?p=142130#142130" target="_blank">http://forum.gbadev.org/viewtopic.php?p=142130#142130</a></span><span class="gensmall"></span></div>    
</div>
<div class="post">
    <h4>#146032 - SuperGeek - Tue Nov 27, 2007 10:23 pm</h4>
    <div class="postbody"><span class="postbody">It worked fine! I made a few modifications as well, it works like a charm. Thank you much. :)</span><span class="gensmall"></span></div>    
</div>
</div>

    </body>
</html>
